<?xml version="1.0" encoding="UTF-8"?>
<testsuite xmlns:xsi="http://www.w3.org/2001/XMLSchema-instance" xsi:noNamespaceSchemaLocation="https://maven.apache.org/surefire/maven-surefire-plugin/xsd/surefire-test-report.xsd" name="kz.iitu.itse1907.akmaral.SpringLab7ApplicationTests" time="7.855" tests="2" errors="1" skipped="0" failures="0">
  <properties>
[...]
</properties>
  <testcase name="testFindAll" classname="kz.iitu.itse1907.akmaral.SpringLab7ApplicationTests" time="0.129">
    <error type="java.lang.NullPointerException">java.lang.NullPointerException
	at kz.iitu.itse1907.akmaral.SpringLab7ApplicationTests.testFindAll(SpringLab7ApplicationTests.java:67)
</error>
    <system-out><![CDATA[12:22:05.353 [main] DEBUG org.springframework.test.context.BootstrapUtils - Instantiating CacheAwareContextLoaderDelegate from class [org.springframework.test.context.cache.DefaultCacheAwareContextLoaderDelegate]
12:22:05.368 [main] DEBUG org.springframework.test.context.BootstrapUtils - Instantiating BootstrapContext using constructor [public org.springframework.test.context.support.DefaultBootstrapContext(java.lang.Class,org.springframework.test.context.CacheAwareContextLoaderDelegate)]
12:22:05.400 [main] DEBUG org.springframework.test.context.BootstrapUtils - Instantiating TestContextBootstrapper for test class [kz.iitu.itse1907.akmaral.SpringLab7ApplicationTests] from class [org.springframework.boot.test.context.SpringBootTestContextBootstrapper]
12:22:05.415 [main] INFO org.springframework.boot.test.context.SpringBootTestContextBootstrapper - Neither @ContextConfiguration nor @ContextHierarchy found for test class [kz.iitu.itse1907.akmaral.SpringLab7ApplicationTests], using SpringBootContextLoader
12:22:05.415 [main] DEBUG org.springframework.test.context.support.AbstractContextLoader - Did not detect default resource location for test class [kz.iitu.itse1907.akmaral.SpringLab7ApplicationTests]: class path resource [kz/iitu/itse1907/akmaral/SpringLab7ApplicationTests-context.xml] does not exist
12:22:05.415 [main] DEBUG org.springframework.test.context.support.AbstractContextLoader - Did not detect default resource location for test class [kz.iitu.itse1907.akmaral.SpringLab7ApplicationTests]: class path resource [kz/iitu/itse1907/akmaral/SpringLab7ApplicationTestsContext.groovy] does not exist
12:22:05.415 [main] INFO org.springframework.test.context.support.AbstractContextLoader - Could not detect default resource locations for test class [kz.iitu.itse1907.akmaral.SpringLab7ApplicationTests]: no resource found for suffixes {-context.xml, Context.groovy}.
12:22:05.415 [main] INFO org.springframework.test.context.support.AnnotationConfigContextLoaderUtils - Could not detect default configuration classes for test class [kz.iitu.itse1907.akmaral.SpringLab7ApplicationTests]: SpringLab7ApplicationTests does not declare any static, non-private, non-final, nested classes annotated with @Configuration.
12:22:05.478 [main] DEBUG org.springframework.test.context.support.ActiveProfilesUtils - Could not find an 'annotation declaring class' for annotation type [org.springframework.test.context.ActiveProfiles] and class [kz.iitu.itse1907.akmaral.SpringLab7ApplicationTests]
12:22:05.577 [main] DEBUG org.springframework.context.annotation.ClassPathScanningCandidateComponentProvider - Identified candidate component class: file [C:\Users\Akmaral\Desktop\akmaral_kakharova_itse1907_var1\akmaral_kakharova_itse1907_var1\target\classes\kz\iitu\itse1907\akmaral\SpringLab7Application.class]
12:22:05.577 [main] INFO org.springframework.boot.test.context.SpringBootTestContextBootstrapper - Found @SpringBootConfiguration kz.iitu.itse1907.akmaral.SpringLab7Application for test class kz.iitu.itse1907.akmaral.SpringLab7ApplicationTests
12:22:05.703 [main] DEBUG org.springframework.boot.test.context.SpringBootTestContextBootstrapper - @TestExecutionListeners is not present for class [kz.iitu.itse1907.akmaral.SpringLab7ApplicationTests]: using defaults.
12:22:05.703 [main] INFO org.springframework.boot.test.context.SpringBootTestContextBootstrapper - Loaded default TestExecutionListener class names from location [META-INF/spring.factories]: [org.springframework.boot.test.mock.mockito.MockitoTestExecutionListener, org.springframework.boot.test.mock.mockito.ResetMocksTestExecutionListener, org.springframework.boot.test.autoconfigure.restdocs.RestDocsTestExecutionListener, org.springframework.boot.test.autoconfigure.web.client.MockRestServiceServerResetTestExecutionListener, org.springframework.boot.test.autoconfigure.web.servlet.MockMvcPrintOnlyOnFailureTestExecutionListener, org.springframework.boot.test.autoconfigure.web.servlet.WebDriverTestExecutionListener, org.springframework.boot.test.autoconfigure.webservices.client.MockWebServiceServerTestExecutionListener, org.springframework.test.context.web.ServletTestExecutionListener, org.springframework.test.context.support.DirtiesContextBeforeModesTestExecutionListener, org.springframework.test.context.event.ApplicationEventsTestExecutionListener, org.springframework.test.context.support.DependencyInjectionTestExecutionListener, org.springframework.test.context.support.DirtiesContextTestExecutionListener, org.springframework.test.context.transaction.TransactionalTestExecutionListener, org.springframework.test.context.jdbc.SqlScriptsTestExecutionListener, org.springframework.test.context.event.EventPublishingTestExecutionListener]
12:22:05.719 [main] INFO org.springframework.boot.test.context.SpringBootTestContextBootstrapper - Using TestExecutionListeners: [org.springframework.test.context.web.ServletTestExecutionListener@5c18016b, org.springframework.test.context.support.DirtiesContextBeforeModesTestExecutionListener@33aeca0b, org.springframework.test.context.event.ApplicationEventsTestExecutionListener@43aaf813, org.springframework.boot.test.mock.mockito.MockitoTestExecutionListener@57ac5227, org.springframework.boot.test.autoconfigure.SpringBootDependencyInjectionTestExecutionListener@4ba302e0, org.springframework.test.context.support.DirtiesContextTestExecutionListener@e98770d, org.springframework.test.context.transaction.TransactionalTestExecutionListener@1ae67cad, org.springframework.test.context.jdbc.SqlScriptsTestExecutionListener@2f6e28bc, org.springframework.test.context.event.EventPublishingTestExecutionListener@7c098bb3, org.springframework.boot.test.mock.mockito.ResetMocksTestExecutionListener@31e4bb20, org.springframework.boot.test.autoconfigure.restdocs.RestDocsTestExecutionListener@18cebaa5, org.springframework.boot.test.autoconfigure.web.client.MockRestServiceServerResetTestExecutionListener@463b4ac8, org.springframework.boot.test.autoconfigure.web.servlet.MockMvcPrintOnlyOnFailureTestExecutionListener@765f05af, org.springframework.boot.test.autoconfigure.web.servlet.WebDriverTestExecutionListener@62f68dff, org.springframework.boot.test.autoconfigure.webservices.client.MockWebServiceServerTestExecutionListener@f001896]
12:22:05.735 [main] DEBUG org.springframework.test.context.support.AbstractDirtiesContextTestExecutionListener - Before test class: context [DefaultTestContext@a4ca3f6 testClass = SpringLab7ApplicationTests, testInstance = [null], testMethod = [null], testException = [null], mergedContextConfiguration = [WebMergedContextConfiguration@72ea6193 testClass = SpringLab7ApplicationTests, locations = '{}', classes = '{class kz.iitu.itse1907.akmaral.SpringLab7Application}', contextInitializerClasses = '[]', activeProfiles = '{}', propertySourceLocations = '{}', propertySourceProperties = '{org.springframework.boot.test.context.SpringBootTestContextBootstrapper=true}', contextCustomizers = set[org.springframework.boot.test.context.filter.ExcludeFilterContextCustomizer@bb9e6dc, org.springframework.boot.test.json.DuplicateJsonObjectContextCustomizerFactory$DuplicateJsonObjectContextCustomizer@1cd629b3, org.springframework.boot.test.mock.mockito.MockitoContextCustomizer@0, org.springframework.boot.test.web.client.TestRestTemplateContextCustomizer@1c852c0f, org.springframework.boot.test.autoconfigure.actuate.metrics.MetricsExportContextCustomizerFactory$DisableMetricExportContextCustomizer@766653e6, org.springframework.boot.test.autoconfigure.properties.PropertyMappingContextCustomizer@0, org.springframework.boot.test.autoconfigure.web.servlet.WebDriverContextCustomizerFactory$Customizer@1acaf3d, org.springframework.boot.test.context.SpringBootTestArgs@1, org.springframework.boot.test.context.SpringBootTestWebEnvironment@5f058f00], resourceBasePath = 'src/main/webapp', contextLoader = 'org.springframework.boot.test.context.SpringBootContextLoader', parent = [null]], attributes = map['org.springframework.test.context.web.ServletTestExecutionListener.activateListener' -> true]], class annotated with @DirtiesContext [false] with mode [null].

  .   ____          _            __ _ _
 /\\ / ___'_ __ _ _(_)_ __  __ _ \ \ \ \
( ( )\___ | '_ | '_| | '_ \/ _` | \ \ \ \
 \\/  ___)| |_)| | | | | || (_| |  ) ) ) )
  '  |____| .__|_| |_|_| |_\__, | / / / /
 =========|_|==============|___/=/_/_/_/
 :: Spring Boot ::                (v2.6.4)

2022-05-21 12:22:06.206  INFO 4136 --- [           main] k.i.i.a.SpringLab7ApplicationTests       : Starting SpringLab7ApplicationTests using Java 11.0.14 on LAPTOP-HPV0K7BR with PID 4136 (started by Akmaral in C:\Users\Akmaral\Desktop\akmaral_kakharova_itse1907_var1\akmaral_kakharova_itse1907_var1)
2022-05-21 12:22:06.206  INFO 4136 --- [           main] k.i.i.a.SpringLab7ApplicationTests       : No active profile set, falling back to 1 default profile: "default"
2022-05-21 12:22:07.192  INFO 4136 --- [           main] .s.d.r.c.RepositoryConfigurationDelegate : Bootstrapping Spring Data JPA repositories in DEFAULT mode.
2022-05-21 12:22:07.303  INFO 4136 --- [           main] .s.d.r.c.RepositoryConfigurationDelegate : Finished Spring Data repository scanning in 105 ms. Found 3 JPA repository interfaces.
2022-05-21 12:22:08.281  INFO 4136 --- [           main] o.hibernate.jpa.internal.util.LogHelper  : HHH000204: Processing PersistenceUnitInfo [name: default]
2022-05-21 12:22:08.390  INFO 4136 --- [           main] org.hibernate.Version                    : HHH000412: Hibernate ORM core version 5.6.5.Final
2022-05-21 12:22:08.664  INFO 4136 --- [           main] o.hibernate.annotations.common.Version   : HCANN000001: Hibernate Commons Annotations {5.1.2.Final}
2022-05-21 12:22:09.101  INFO 4136 --- [           main] com.zaxxer.hikari.HikariDataSource       : HikariPool-1 - Starting...
2022-05-21 12:22:09.409  INFO 4136 --- [           main] com.zaxxer.hikari.HikariDataSource       : HikariPool-1 - Start completed.
2022-05-21 12:22:09.456  INFO 4136 --- [           main] org.hibernate.dialect.Dialect            : HHH000400: Using dialect: org.hibernate.dialect.PostgreSQL10Dialect
2022-05-21 12:22:10.572  INFO 4136 --- [           main] o.h.e.t.j.p.i.JtaPlatformInitiator       : HHH000490: Using JtaPlatform implementation: [org.hibernate.engine.transaction.jta.platform.internal.NoJtaPlatform]
2022-05-21 12:22:10.697  INFO 4136 --- [           main] j.LocalContainerEntityManagerFactoryBean : Initialized JPA EntityManagerFactory for persistence unit 'default'
2022-05-21 12:22:11.949  WARN 4136 --- [           main] JpaBaseConfiguration$JpaWebConfiguration : spring.jpa.open-in-view is enabled by default. Therefore, database queries may be performed during view rendering. Explicitly configure spring.jpa.open-in-view to disable this warning
2022-05-21 12:22:12.471  INFO 4136 --- [           main] o.s.b.a.w.s.WelcomePageHandlerMapping    : Adding welcome page: class path resource [static/index.html]
2022-05-21 12:22:12.977  INFO 4136 --- [           main] k.i.i.a.SpringLab7ApplicationTests       : Started SpringLab7ApplicationTests in 7.193 seconds (JVM running for 8.456)
]]></system-out>
  </testcase>
  <testcase name="contextLoads" classname="kz.iitu.itse1907.akmaral.SpringLab7ApplicationTests" time="0"/>
</testsuite>